36 error Error: Command failed with exit code 1: pnpm install --lockfile-only --ignore-scripts
36 error Scope: all 3 workspace projects
36 error Recreating /Users/501740/Documents/GitHub/lerna-monorepo/node_modules
36 error
36 error    ╭─────────────────────────────────────────────────────────────────╮
36 error    │                                                                 │
36 error    │                Update available! 7.29.1 → 8.1.1.                │
36 error    │   Changelog: https://github.com/pnpm/pnpm/releases/tag/v8.1.1   │
36 error    │                Run "pnpm add -g pnpm" to update.                │
36 error    │                                                                 │
36 error    │     Follow @pnpmjs for updates: https://twitter.com/pnpmjs      │
36 error    │                                                                 │
36 error    ╰─────────────────────────────────────────────────────────────────╯
36 error
36 error Progress: resolved 0, reused 1, downloaded 0, added 0
36 error /Users/501740/Documents/GitHub/lerna-monorepo/packages/project1:
36 error  ERR_PNPM_FETCH_404  GET https://registry.npmjs.org/pfj-component-dev: Not Found - 404
36 error
36 error This error happened while installing a direct dependency of /Users/501740/Documents/GitHub/lerna-monorepo/packages/project1
36 error
36 error pfj-component-dev is not in the npm registry, or you have no permission to fetch it.
36 error
36 error An authorization header was used: Bearer npm_[hidden]
36 error     at makeError (/Users/501740/.nvm/versions/node/v19.5.0/lib/node_modules/lerna/node_modules/execa/lib/error.js:59:11)
36 error     at handlePromise (/Users/501740/.nvm/versions/node/v19.5.0/lib/node_modules/lerna/node_modules/execa/index.js:114:26)
36 error     at process.processTicksAndRejections (node:internal/process/task_queues:95:5)
36 error     at async Promise.all (index 0)
